<?xml version="1.0" encoding="UTF-8"?>
<!-- Generated by org.testng.reporters.JUnitReportReporter -->
<testsuite hostname="AVINASH" name="testCases.LoginTest" tests="6" failures="0" timestamp="10 Apr 2018 04:26:22 GMT" time="181.713" errors="0">
  <testcase name="LoginMethod" time="15.640" classname="testCases.LoginTest"/>
  <testcase name="LoginMethod" time="56.272" classname="testCases.LoginTest"/>
  <testcase name="LoginMethod" time="15.737" classname="testCases.LoginTest"/>
  <testcase name="LoginMethod" time="16.753" classname="testCases.LoginTest"/>
  <testcase name="LoginMethod" time="16.983" classname="testCases.LoginTest"/>
  <testcase name="LoginMethod" time="60.328" classname="testCases.LoginTest"/>
</testsuite> <!-- testCases.LoginTest -->
